<?xml version="1.0" encoding="UTF-8"?>
<!-- Generated by org.testng.reporters.JUnitXMLReporter -->
<testsuite hostname="MacBook-Pro-Darya.local" tests="5" failures="0" timestamp="26 Dec 2015 14:47:21 GMT" time="122.386" errors="0">
  <testcase name="oneCanAddAd" time="34.465" classname="OnlinerAutomationTest"/>
  <testcase name="oneCanExchangeOperation" time="13.088" classname="OnlinerAutomationTest"/>
  <testcase name="oneCanLoginOnliner" time="14.745" classname="OnlinerAutomationTest"/>
  <testcase name="oneCanSearch" time="12.901" classname="OnlinerAutomationTest"/>
  <testcase name="oneCanSendMessage" time="20.34" classname="OnlinerAutomationTest"/>
</testsuite>
