<?xml version="1.0" encoding="UTF-8"?>
<!-- Generated by org.testng.reporters.JUnitXMLReporter -->
<testsuite hostname="mbp-darya.eduroam.bsu" tests="4" failures="0" timestamp="21 Dec 2015 15:30:09 GMT" time="71.495" errors="0">
  <testcase name="oneCanAddAd" time="15.074" classname="OnlinerAutomationTest"/>
  <testcase name="oneCanExchangeOperation" time="8.869" classname="OnlinerAutomationTest"/>
  <testcase name="oneCanSearch" time="7.271" classname="OnlinerAutomationTest"/>
  <testcase name="oneCanSendMessage" time="11.468" classname="OnlinerAutomationTest"/>
</testsuite>
