<?xml version="1.0" encoding="UTF-8"?>
<testng-results skipped="0" failed="0" total="5" passed="5">
  <reporter-output>
  </reporter-output>
  <suite name="OnlinerAutomationTest" duration-ms="122386" started-at="2015-12-26T14:45:18Z" finished-at="2015-12-26T14:47:20Z">
    <groups>
    </groups>
    <test name="Command line test" duration-ms="122386" started-at="2015-12-26T14:45:18Z" finished-at="2015-12-26T14:47:20Z">
      <class name="OnlinerAutomationTest">
        <test-method status="PASS" signature="setUp()[pri:0, instance:OnlinerAutomationTest@77b52d12]" name="setUp" is-config="true" duration-ms="6707" started-at="2015-12-26T17:45:18Z" description="Init browser" finished-at="2015-12-26T17:45:24Z">
          <reporter-output>
          </reporter-output>
        </test-method> <!-- setUp -->
        <test-method status="PASS" signature="oneCanAddAd()[pri:0, instance:OnlinerAutomationTest@77b52d12]" name="oneCanAddAd" duration-ms="34465" started-at="2015-12-26T17:45:24Z" description="Add new ad" finished-at="2015-12-26T17:45:59Z">
          <reporter-output>
          </reporter-output>
        </test-method> <!-- oneCanAddAd -->
        <test-method status="PASS" signature="stopBrowser()[pri:0, instance:OnlinerAutomationTest@77b52d12]" name="stopBrowser" is-config="true" duration-ms="248" started-at="2015-12-26T17:45:59Z" description="Stop Browser" finished-at="2015-12-26T17:45:59Z">
          <reporter-output>
          </reporter-output>
        </test-method> <!-- stopBrowser -->
        <test-method status="PASS" signature="setUp()[pri:0, instance:OnlinerAutomationTest@77b52d12]" name="setUp" is-config="true" duration-ms="4610" started-at="2015-12-26T17:45:59Z" description="Init browser" finished-at="2015-12-26T17:46:04Z">
          <reporter-output>
          </reporter-output>
        </test-method> <!-- setUp -->
        <test-method status="PASS" signature="oneCanExchangeOperation()[pri:0, instance:OnlinerAutomationTest@77b52d12]" name="oneCanExchangeOperation" duration-ms="13088" started-at="2015-12-26T17:46:04Z" description="Exchange" finished-at="2015-12-26T17:46:17Z">
          <reporter-output>
          </reporter-output>
        </test-method> <!-- oneCanExchangeOperation -->
        <test-method status="PASS" signature="stopBrowser()[pri:0, instance:OnlinerAutomationTest@77b52d12]" name="stopBrowser" is-config="true" duration-ms="163" started-at="2015-12-26T17:46:17Z" description="Stop Browser" finished-at="2015-12-26T17:46:17Z">
          <reporter-output>
          </reporter-output>
        </test-method> <!-- stopBrowser -->
        <test-method status="PASS" signature="setUp()[pri:0, instance:OnlinerAutomationTest@77b52d12]" name="setUp" is-config="true" duration-ms="5071" started-at="2015-12-26T17:46:17Z" description="Init browser" finished-at="2015-12-26T17:46:22Z">
          <reporter-output>
          </reporter-output>
        </test-method> <!-- setUp -->
        <test-method status="PASS" signature="oneCanLoginOnliner()[pri:0, instance:OnlinerAutomationTest@77b52d12]" name="oneCanLoginOnliner" duration-ms="14745" started-at="2015-12-26T17:46:22Z" description="Login to Onliner" finished-at="2015-12-26T17:46:37Z">
          <reporter-output>
          </reporter-output>
        </test-method> <!-- oneCanLoginOnliner -->
        <test-method status="PASS" signature="stopBrowser()[pri:0, instance:OnlinerAutomationTest@77b52d12]" name="stopBrowser" is-config="true" duration-ms="165" started-at="2015-12-26T17:46:37Z" description="Stop Browser" finished-at="2015-12-26T17:46:37Z">
          <reporter-output>
          </reporter-output>
        </test-method> <!-- stopBrowser -->
        <test-method status="PASS" signature="setUp()[pri:0, instance:OnlinerAutomationTest@77b52d12]" name="setUp" is-config="true" duration-ms="4753" started-at="2015-12-26T17:46:37Z" description="Init browser" finished-at="2015-12-26T17:46:42Z">
          <reporter-output>
          </reporter-output>
        </test-method> <!-- setUp -->
        <test-method status="PASS" signature="oneCanSearch()[pri:0, instance:OnlinerAutomationTest@77b52d12]" name="oneCanSearch" duration-ms="12901" started-at="2015-12-26T17:46:42Z" description="Search" finished-at="2015-12-26T17:46:55Z">
          <reporter-output>
          </reporter-output>
        </test-method> <!-- oneCanSearch -->
        <test-method status="PASS" signature="stopBrowser()[pri:0, instance:OnlinerAutomationTest@77b52d12]" name="stopBrowser" is-config="true" duration-ms="201" started-at="2015-12-26T17:46:55Z" description="Stop Browser" finished-at="2015-12-26T17:46:55Z">
          <reporter-output>
          </reporter-output>
        </test-method> <!-- stopBrowser -->
        <test-method status="PASS" signature="setUp()[pri:0, instance:OnlinerAutomationTest@77b52d12]" name="setUp" is-config="true" duration-ms="4726" started-at="2015-12-26T17:46:55Z" description="Init browser" finished-at="2015-12-26T17:47:00Z">
          <reporter-output>
          </reporter-output>
        </test-method> <!-- setUp -->
        <test-method status="PASS" signature="oneCanSendMessage()[pri:0, instance:OnlinerAutomationTest@77b52d12]" name="oneCanSendMessage" duration-ms="20340" started-at="2015-12-26T17:47:00Z" description="SendMessage" finished-at="2015-12-26T17:47:20Z">
          <reporter-output>
          </reporter-output>
        </test-method> <!-- oneCanSendMessage -->
        <test-method status="PASS" signature="stopBrowser()[pri:0, instance:OnlinerAutomationTest@77b52d12]" name="stopBrowser" is-config="true" duration-ms="187" started-at="2015-12-26T17:47:20Z" description="Stop Browser" finished-at="2015-12-26T17:47:20Z">
          <reporter-output>
          </reporter-output>
        </test-method> <!-- stopBrowser -->
      </class> <!-- OnlinerAutomationTest -->
    </test> <!-- Command line test -->
  </suite> <!-- OnlinerAutomationTest -->
</testng-results>
